0 info it worked if it ends with ok
1 verbose cli [ 'C:\\Program Files\\nodejs\\node.exe',
1 verbose cli   'C:\\Program Files\\nodejs\\node_modules\\npm\\bin\\npm-cli.js',
1 verbose cli   'install',
1 verbose cli   'fullpage.js' ]
2 info using npm@3.10.9
3 info using node@v6.9.2
4 silly loadCurrentTree Starting
5 silly install loadCurrentTree
6 silly install readLocalPackageData
7 silly fetchPackageMetaData fullpage.js
8 silly fetchNamedPackageData fullpage.js
9 silly mapToRegistry name fullpage.js
10 silly mapToRegistry using default registry
11 silly mapToRegistry registry https://registry.npmjs.org/
12 silly mapToRegistry data Result {
12 silly mapToRegistry   raw: 'fullpage.js',
12 silly mapToRegistry   scope: null,
12 silly mapToRegistry   escapedName: 'fullpage.js',
12 silly mapToRegistry   name: 'fullpage.js',
12 silly mapToRegistry   rawSpec: '',
12 silly mapToRegistry   spec: 'latest',
12 silly mapToRegistry   type: 'tag' }
13 silly mapToRegistry uri https://registry.npmjs.org/fullpage.js
14 verbose request uri https://registry.npmjs.org/fullpage.js
15 verbose request no auth needed
16 info attempt registry request try #1 at 10:36:19
17 verbose request id 715ed32fd6d82514
18 http request GET https://registry.npmjs.org/fullpage.js
19 http 200 https://registry.npmjs.org/fullpage.js
20 verbose headers { server: 'nginx/1.10.1',
20 verbose headers   'content-type': 'application/json',
20 verbose headers   'last-modified': 'Mon, 19 Dec 2016 18:15:18 GMT',
20 verbose headers   etag: 'W/"585823b6-17370"',
20 verbose headers   'content-encoding': 'gzip',
20 verbose headers   'cache-control': 'max-age=300',
20 verbose headers   'content-length': '19136',
20 verbose headers   'accept-ranges': 'bytes',
20 verbose headers   date: 'Mon, 09 Jan 2017 02:36:20 GMT',
20 verbose headers   via: '1.1 varnish',
20 verbose headers   age: '0',
20 verbose headers   connection: 'keep-alive',
20 verbose headers   'x-served-by': 'cache-itm7426-ITM',
20 verbose headers   'x-cache': 'MISS',
20 verbose headers   'x-cache-hits': '0',
20 verbose headers   'x-timer': 'S1483929380.048412,VS0,VE275',
20 verbose headers   vary: 'Accept-Encoding' }
21 silly get cb [ 200,
21 silly get   { server: 'nginx/1.10.1',
21 silly get     'content-type': 'application/json',
21 silly get     'last-modified': 'Mon, 19 Dec 2016 18:15:18 GMT',
21 silly get     etag: 'W/"585823b6-17370"',
21 silly get     'content-encoding': 'gzip',
21 silly get     'cache-control': 'max-age=300',
21 silly get     'content-length': '19136',
21 silly get     'accept-ranges': 'bytes',
21 silly get     date: 'Mon, 09 Jan 2017 02:36:20 GMT',
21 silly get     via: '1.1 varnish',
21 silly get     age: '0',
21 silly get     connection: 'keep-alive',
21 silly get     'x-served-by': 'cache-itm7426-ITM',
21 silly get     'x-cache': 'MISS',
21 silly get     'x-cache-hits': '0',
21 silly get     'x-timer': 'S1483929380.048412,VS0,VE275',
21 silly get     vary: 'Accept-Encoding' } ]
22 verbose get saving fullpage.js to C:\Program Files\nodejs\node_cache\registry.npmjs.org\fullpage.js\.cache.json
23 verbose correctMkdir C:\Program Files\nodejs\node_cache correctMkdir not in flight; initializing
24 silly install normalizeTree
25 silly loadCurrentTree Finishing
26 silly loadIdealTree Starting
27 silly install loadIdealTree
28 silly cloneCurrentTree Starting
29 silly install cloneCurrentTreeToIdealTree
30 silly cloneCurrentTree Finishing
31 silly loadShrinkwrap Starting
32 silly install loadShrinkwrap
33 silly loadShrinkwrap Finishing
34 silly loadAllDepsIntoIdealTree Starting
35 silly install loadAllDepsIntoIdealTree
36 silly resolveWithNewModule fullpage.js@2.9.2 checking installable status
37 silly cache add args [ 'fullpage.js', null ]
38 verbose cache add spec fullpage.js
39 silly cache add parsed spec Result {
39 silly cache add   raw: 'fullpage.js',
39 silly cache add   scope: null,
39 silly cache add   escapedName: 'fullpage.js',
39 silly cache add   name: 'fullpage.js',
39 silly cache add   rawSpec: '',
39 silly cache add   spec: 'latest',
39 silly cache add   type: 'tag' }
40 silly addNamed fullpage.js@latest
41 verbose addNamed "latest" is being treated as a dist-tag for fullpage.js
42 info addNameTag [ 'fullpage.js', 'latest' ]
43 silly mapToRegistry name fullpage.js
44 silly mapToRegistry using default registry
45 silly mapToRegistry registry https://registry.npmjs.org/
46 silly mapToRegistry data Result {
46 silly mapToRegistry   raw: 'fullpage.js',
46 silly mapToRegistry   scope: null,
46 silly mapToRegistry   escapedName: 'fullpage.js',
46 silly mapToRegistry   name: 'fullpage.js',
46 silly mapToRegistry   rawSpec: '',
46 silly mapToRegistry   spec: 'latest',
46 silly mapToRegistry   type: 'tag' }
47 silly mapToRegistry uri https://registry.npmjs.org/fullpage.js
48 verbose addNameTag registry:https://registry.npmjs.org/fullpage.js not in flight; fetching
49 verbose get https://registry.npmjs.org/fullpage.js not expired, no request
50 silly addNameTag next cb for fullpage.js with tag latest
51 silly addNamed fullpage.js@2.9.2
52 verbose addNamed "2.9.2" is a plain semver version for fullpage.js
53 silly mapToRegistry name fullpage.js
54 silly mapToRegistry using default registry
55 silly mapToRegistry registry https://registry.npmjs.org/
56 silly mapToRegistry data Result {
56 silly mapToRegistry   raw: 'fullpage.js',
56 silly mapToRegistry   scope: null,
56 silly mapToRegistry   escapedName: 'fullpage.js',
56 silly mapToRegistry   name: 'fullpage.js',
56 silly mapToRegistry   rawSpec: '',
56 silly mapToRegistry   spec: 'latest',
56 silly mapToRegistry   type: 'tag' }
57 silly mapToRegistry uri https://registry.npmjs.org/fullpage.js
58 verbose addRemoteTarball https://registry.npmjs.org/fullpage.js/-/fullpage.js-2.9.2.tgz not in flight; adding
59 verbose addRemoteTarball [ 'https://registry.npmjs.org/fullpage.js/-/fullpage.js-2.9.2.tgz',
59 verbose addRemoteTarball   '8993c957d06506e323e48b64f2398e4acbfbf556' ]
60 info retry fetch attempt 1 at 10:36:20
61 info attempt registry request try #1 at 10:36:20
62 http fetch GET https://registry.npmjs.org/fullpage.js/-/fullpage.js-2.9.2.tgz
63 http fetch 200 https://registry.npmjs.org/fullpage.js/-/fullpage.js-2.9.2.tgz
64 silly fetchAndShaCheck shasum 8993c957d06506e323e48b64f2398e4acbfbf556
65 verbose addTmpTarball C:\Users\my\AppData\Local\Temp\npm-11912-95beb3e7\registry.npmjs.org\fullpage.js\-\fullpage.js-2.9.2.tgz not in flight; adding
66 verbose addTmpTarball already have metadata; skipping unpack for fullpage.js@2.9.2
67 verbose correctMkdir C:\Program Files\nodejs\node_cache correctMkdir not in flight; initializing
68 silly rollbackFailedOptional Starting
69 silly rollbackFailedOptional Finishing
70 silly runTopLevelLifecycles Finishing
71 silly install printInstalled
72 verbose stack Error: EPERM: operation not permitted, mkdir 'C:\Program Files\nodejs\node_cache\fullpage.js'
72 verbose stack     at Error (native)
73 verbose cwd C:\my\D\nodejs\cargocn
74 error Windows_NT 10.0.14393
75 error argv "C:\\Program Files\\nodejs\\node.exe" "C:\\Program Files\\nodejs\\node_modules\\npm\\bin\\npm-cli.js" "install" "fullpage.js"
76 error node v6.9.2
77 error npm  v3.10.9
78 error path C:\Program Files\nodejs\node_cache\fullpage.js
79 error code EPERM
80 error errno -4048
81 error syscall mkdir
82 error Error: EPERM: operation not permitted, mkdir 'C:\Program Files\nodejs\node_cache\fullpage.js'
82 error     at Error (native)
82 error  { Error: EPERM: operation not permitted, mkdir 'C:\Program Files\nodejs\node_cache\fullpage.js'
82 error     at Error (native)
82 error   errno: -4048,
82 error   code: 'EPERM',
82 error   syscall: 'mkdir',
82 error   path: 'C:\\Program Files\\nodejs\\node_cache\\fullpage.js',
82 error   parent: 'cargocn' }
83 error Please try running this command again as root/Administrator.
84 verbose exit [ -4048, true ]
